<?xml version="1.0" encoding="UTF-8"?>
<!-- Generated by org.testng.reporters.JUnitReportReporter -->
<testsuite hostname="ATMECSINDT-012" failures="0" tests="1" name="postrequest.PostRequest" time="2.301" errors="0" timestamp="12 Jul 2019 12:01:07 GMT" skipped="0">
  <testcase classname="postrequest.PostRequest" name="postRequest" time="2.301"/>
</testsuite> <!-- postrequest.PostRequest -->
