<?xml version="1.0" encoding="UTF-8"?>
<!-- Generated by org.testng.reporters.JUnitReportReporter -->
<testsuite hostname="ATMECSINDT-012" failures="0" tests="1" name="deleterequest.DeleteRequest" time="1.967" errors="0" timestamp="12 Jul 2019 12:06:20 GMT" skipped="0">
  <testcase classname="deleterequest.DeleteRequest" name="deleteRequest" time="1.967"/>
</testsuite> <!-- deleterequest.DeleteRequest -->
