<?xml version="1.0" encoding="UTF-8"?>
<!-- Generated by org.testng.reporters.JUnitReportReporter -->
<testsuite hostname="ATMECSINDT-012" failures="0" tests="2" name="getrequest.GetData" time="2.083" errors="0" timestamp="12 Jul 2019 11:57:54 GMT" skipped="0">
  <testcase classname="getrequest.GetData" name="testResponseCode" time="2.016"/>
  <testcase classname="getrequest.GetData" name="testResponsebody" time="0.067"/>
</testsuite> <!-- getrequest.GetData -->
