<?xml version="1.0" encoding="UTF-8"?>
<!-- Generated by org.testng.reporters.JUnitReportReporter -->
<testsuite hostname="ATMECSINDT-012" failures="0" tests="1" name="putrequest.PutRequest" time="1.983" errors="0" timestamp="12 Jul 2019 12:53:43 GMT" skipped="0">
  <testcase classname="putrequest.PutRequest" name="putRequest" time="1.983"/>
</testsuite> <!-- putrequest.PutRequest -->
